<?xml version="1.0" encoding="UTF-8"?>
<!-- Generated by org.testng.reporters.JUnitReportReporter -->
<testsuite hostname="selenium33" failures="0" tests="1" name="testScripts.IframeTest" time="10.163" errors="0" timestamp="2024-12-11T12:43:25 IST" skipped="0">
  <testcase classname="testScripts.IframeTest" name="iframeTest" time="10.163"/>
  <system-out/>
</testsuite> <!-- testScripts.IframeTest -->
