<?xml version="1.0" encoding="UTF-8"?>
<!-- Generated by org.testng.reporters.JUnitReportReporter -->
<testsuite hostname="selenium33" failures="0" tests="1" name="testScripts.ShadowDOMtest" time="5.030" errors="0" timestamp="2024-12-14T12:03:55 IST" skipped="0">
  <testcase classname="testScripts.ShadowDOMtest" name="shadowElemTest" time="5.030"/>
  <system-out/>
</testsuite> <!-- testScripts.ShadowDOMtest -->
