<?xml version="1.0" encoding="UTF-8"?>
<!-- Generated by org.testng.reporters.JUnitReportReporter -->
<testsuite hostname="selenium33" failures="0" tests="1" name="testScripts.AlertTest" time="8.838" errors="0" timestamp="2024-12-11T10:34:43 IST" skipped="0">
  <testcase classname="testScripts.AlertTest" name="variousAlert" time="8.838"/>
  <system-out/>
</testsuite> <!-- testScripts.AlertTest -->
