<?xml version="1.0" encoding="UTF-8"?>
<!-- Generated by org.testng.reporters.JUnitReportReporter -->
<testsuite hostname="selenium33" failures="0" tests="1" name="testScripts.GooglePageTest" time="8.470" errors="0" timestamp="2024-12-10T12:49:34 IST" skipped="0">
  <testcase classname="testScripts.GooglePageTest" name="f" time="8.470"/>
  <system-out/>
</testsuite> <!-- testScripts.GooglePageTest -->
