<?xml version="1.0" encoding="UTF-8"?>
<!-- Generated by org.testng.reporters.JUnitReportReporter -->
<testsuite hostname="selenium33" failures="0" tests="1" name="testScripts.DropdownTest" time="9.016" errors="0" timestamp="2024-12-10T15:15:27 IST" skipped="0">
  <testcase classname="testScripts.DropdownTest" name="selectValue" time="9.016"/>
  <system-out/>
</testsuite> <!-- testScripts.DropdownTest -->
