<?xml version="1.0" encoding="UTF-8"?>
<!-- Generated by org.testng.reporters.JUnitReportReporter -->
<testsuite hostname="selenium33" failures="0" tests="4" name="parallelScripts.SampleThreeTest" time="8.699" errors="0" timestamp="2024-12-13T13:02:23 IST" skipped="0">
  <testcase classname="parallelScripts.SampleThreeTest" name="testFour" time="2.257"/>
  <system-out/>
  <testcase classname="parallelScripts.SampleThreeTest" name="testTwo" time="2.051"/>
  <system-out/>
  <testcase classname="parallelScripts.SampleThreeTest" name="testThree" time="2.615"/>
  <system-out/>
  <testcase classname="parallelScripts.SampleThreeTest" name="testOne" time="1.776"/>
  <system-out/>
</testsuite> <!-- parallelScripts.SampleThreeTest -->
