<?xml version="1.0" encoding="UTF-8"?>
<!-- Generated by org.testng.reporters.JUnitReportReporter -->
<testsuite hostname="selenium33" failures="0" tests="1" name="testScripts.NewWindowTab" time="28.145" errors="0" timestamp="2024-12-11T11:08:18 IST" skipped="0">
  <testcase classname="testScripts.NewWindowTab" name="windowTest" time="28.145"/>
  <system-out/>
</testsuite> <!-- testScripts.NewWindowTab -->
