<?xml version="1.0" encoding="UTF-8"?>
<!-- Generated by org.testng.reporters.JUnitReportReporter -->
<testsuite hostname="selenium33" failures="0" tests="1" name="testScripts.ExpWaitTest" time="20.952" errors="0" timestamp="2024-12-12T10:46:47 IST" skipped="0">
  <testcase classname="testScripts.ExpWaitTest" name="f" time="20.952"/>
  <system-out/>
</testsuite> <!-- testScripts.ExpWaitTest -->
