<?xml version="1.0" encoding="UTF-8"?>
<!-- Generated by org.testng.reporters.JUnitReportReporter -->
<testsuite hostname="selenium33" failures="0" tests="1" name="testScripts.ShadowDOMtest" time="5.002" errors="0" timestamp="2024-12-11T10:19:52 IST" skipped="0">
  <testcase classname="testScripts.ShadowDOMtest" name="shadowElemTest" time="5.002"/>
  <system-out/>
</testsuite> <!-- testScripts.ShadowDOMtest -->
