<?xml version="1.0" encoding="UTF-8"?>
<!-- Generated by org.testng.reporters.JUnitReportReporter -->
<testsuite hostname="selenium33" failures="0" tests="1" name="testScripts.LoginTest" time="10.969" errors="0" timestamp="2024-12-09T15:45:22 IST" skipped="0">
  <testcase classname="testScripts.LoginTest" name="f" time="10.969"/>
  <system-out/>
</testsuite> <!-- testScripts.LoginTest -->
