<?xml version="1.0" encoding="UTF-8"?>
<!-- Generated by org.testng.reporters.JUnitReportReporter -->
<testsuite hostname="selenium33" failures="0" tests="1" name="testScripts.DropdownTest" time="9.761" errors="0" timestamp="2024-12-11T16:32:18 IST" skipped="0">
  <testcase classname="testScripts.DropdownTest" name="selectValue" time="9.761"/>
  <system-out/>
</testsuite> <!-- testScripts.DropdownTest -->
