<?xml version="1.0" encoding="UTF-8"?>
<!-- Generated by org.testng.reporters.JUnitReportReporter -->
<testsuite hostname="selenium33" failures="0" tests="1" name="testScripts.AutocompleteTest" time="7.452" errors="0" timestamp="2024-12-11T13:39:29 IST" skipped="0">
  <testcase classname="testScripts.AutocompleteTest" name="f" time="7.452"/>
  <system-out/>
</testsuite> <!-- testScripts.AutocompleteTest -->
