<?xml version="1.0" encoding="UTF-8"?>
<!-- Generated by org.testng.reporters.JUnitReportReporter -->
<testsuite hostname="selenium33" failures="0" tests="1" name="testScripts.Exercisetest" time="26.930" errors="0" timestamp="2024-12-14T13:17:49 IST" skipped="0">
  <testcase classname="testScripts.Exercisetest" name="f" time="26.930"/>
  <system-out/>
</testsuite> <!-- testScripts.Exercisetest -->
