<?xml version="1.0" encoding="UTF-8"?>
<!-- Generated by org.testng.reporters.JUnitReportReporter -->
<testsuite hostname="selenium33" failures="0" tests="4" name="testScripts.SeleniumsearchTest" time="9.097" errors="0" timestamp="2024-12-12T13:16:36 IST" skipped="2">
  <testcase classname="testScripts.SeleniumsearchTest" name="seleniumSearch" time="4.043"/>
  <system-out/>
  <testcase classname="testScripts.SeleniumsearchTest" name="javaSearch" time="5.054"/>
  <system-out/>
  <testcase classname="testScripts.SeleniumsearchTest" name="appiumSearch">
    <skipped/>
  </testcase> <!-- appiumSearch -->
  <system-out/>
  <testcase classname="testScripts.SeleniumsearchTest" name="cucumberSearch">
    <skipped/>
  </testcase> <!-- cucumberSearch -->
  <system-out/>
</testsuite> <!-- testScripts.SeleniumsearchTest -->
