<?xml version="1.0" encoding="UTF-8"?>
<!-- Generated by org.testng.reporters.JUnitReportReporter -->
<testsuite hostname="selenium33" failures="0" tests="7" name="parallelScripts.SampleOneTest" time="15.801" errors="0" timestamp="2024-12-13T13:16:03 IST" skipped="0">
  <testcase classname="parallelScripts.SampleOneTest" name="testFour" time="3.125"/>
  <system-out/>
  <testcase classname="parallelScripts.SampleOneTest" name="testOne" time="1.630"/>
  <system-out/>
  <testcase classname="parallelScripts.SampleOneTest" name="testTwo" time="2.324"/>
  <system-out/>
  <testcase classname="parallelScripts.SampleOneTest" name="testTwo" time="1.945"/>
  <system-out/>
  <testcase classname="parallelScripts.SampleOneTest" name="testThree" time="1.956"/>
  <system-out/>
  <testcase classname="parallelScripts.SampleOneTest" name="testTwo" time="2.558"/>
  <system-out/>
  <testcase classname="parallelScripts.SampleOneTest" name="testTwo" time="2.263"/>
  <system-out/>
</testsuite> <!-- parallelScripts.SampleOneTest -->
