<?xml version="1.0" encoding="UTF-8"?>
<!-- Generated by org.testng.reporters.JUnitReportReporter -->
<testsuite hostname="selenium33" failures="0" tests="1" name="parallelScript.SampleThreeTest" time="0.006" errors="0" timestamp="2024-12-13T10:44:38 IST" skipped="0">
  <testcase classname="parallelScript.SampleThreeTest" name="testOne" time="0.006"/>
  <system-out/>
</testsuite> <!-- parallelScript.SampleThreeTest -->
