<?xml version="1.0" encoding="UTF-8"?>
<!-- Generated by org.testng.reporters.JUnitReportReporter -->
<testsuite hostname="selenium33" failures="0" tests="1" name="testScripts.MouseActions" time="10.736" errors="0" timestamp="2024-12-10T16:36:32 IST" skipped="0">
  <testcase classname="testScripts.MouseActions" name="f" time="10.736"/>
  <system-out/>
</testsuite> <!-- testScripts.MouseActions -->
