<?xml version="1.0" encoding="UTF-8"?>
<!-- Generated by org.testng.reporters.JUnitReportReporter -->
<testsuite hostname="selenium33" failures="0" tests="1" name="testScripts.TooltipTest" time="6.539" errors="0" timestamp="2024-12-12T09:53:10 IST" skipped="0">
  <testcase classname="testScripts.TooltipTest" name="f" time="6.539"/>
  <system-out/>
</testsuite> <!-- testScripts.TooltipTest -->
