<?xml version="1.0" encoding="UTF-8"?>
<!-- Generated by org.testng.reporters.JUnitReportReporter -->
<testsuite hostname="selenium33" failures="0" tests="1" name="testScripts.LoginTest" time="10.293" errors="0" timestamp="2024-12-12T13:01:48 IST" skipped="0">
  <testcase classname="testScripts.LoginTest" name="f" time="10.293"/>
  <system-out/>
</testsuite> <!-- testScripts.LoginTest -->
