<?xml version="1.0" encoding="UTF-8"?>
<!-- Generated by org.testng.reporters.JUnitReportReporter -->
<testsuite hostname="selenium33" failures="0" tests="1" name="testScripts.DownloadTest" time="10.792" errors="0" timestamp="2024-12-11T09:27:51 IST" skipped="0">
  <testcase classname="testScripts.DownloadTest" name="fileDownload" time="10.792"/>
  <system-out/>
</testsuite> <!-- testScripts.DownloadTest -->
