<?xml version="1.0" encoding="UTF-8"?>
<!-- Generated by org.testng.reporters.JUnitReportReporter -->
<testsuite hostname="selenium33" failures="0" tests="1" name="testScripts.CDPTest" time="3.573" errors="0" timestamp="2024-12-17T13:29:21 IST" skipped="0">
  <testcase classname="testScripts.CDPTest" name="geoLocationTest" time="3.573"/>
  <system-out/>
</testsuite> <!-- testScripts.CDPTest -->
