<?xml version="1.0" encoding="UTF-8"?>
<!-- Generated by org.testng.reporters.JUnitReportReporter -->
<testsuite hostname="selenium33" failures="0" tests="1" name="testScripts.GooglePageTest" time="11.312" errors="0" timestamp="2024-12-09T15:17:48 IST" skipped="0">
  <testcase classname="testScripts.GooglePageTest" name="f" time="11.312"/>
  <system-out/>
</testsuite> <!-- testScripts.GooglePageTest -->
