<?xml version="1.0" encoding="UTF-8"?>
<!-- Generated by org.testng.reporters.JUnitReportReporter -->
<testsuite hostname="selenium33" failures="0" tests="1" name="parallelScript.SampleTwoTest" time="0.004" errors="0" timestamp="2024-12-13T10:44:38 IST" skipped="0">
  <testcase classname="parallelScript.SampleTwoTest" name="testOne" time="0.004"/>
  <system-out/>
</testsuite> <!-- parallelScript.SampleTwoTest -->
