<?xml version="1.0" encoding="UTF-8"?>
<!-- Generated by org.testng.reporters.JUnitReportReporter -->
<testsuite hostname="selenium33" failures="0" tests="4" name="parallelScripts.SampleTwoTest" time="17.322" errors="0" timestamp="2024-12-13T13:02:23 IST" skipped="0">
  <testcase classname="parallelScripts.SampleTwoTest" name="testThree" time="4.268"/>
  <system-out/>
  <testcase classname="parallelScripts.SampleTwoTest" name="testTwo" time="4.257"/>
  <system-out/>
  <testcase classname="parallelScripts.SampleTwoTest" name="testFour" time="4.837"/>
  <system-out/>
  <testcase classname="parallelScripts.SampleTwoTest" name="testOne" time="3.960"/>
  <system-out/>
</testsuite> <!-- parallelScripts.SampleTwoTest -->
